<?xml version="1.0" encoding="UTF-8"?>
<!-- Generated by org.testng.reporters.JUnitXMLReporter -->
<testsuite hostname="DESKTOP-BQS7GFT" ignored="0" name="Default test" tests="3" failures="0" timestamp="2021-08-08T21:56:06 IST" time="4.701" errors="0">
  <testcase name="postmap" time="1.498" classname="APIGroup.ProjectAPI.TC_POSTGMAP"/>
  <testcase name="Getmapdetails" time="0.443" classname="APIGroup.ProjectAPI.TC_POSTGMAP"/>
  <testcase name="deleteMap" time="2.733" classname="APIGroup.ProjectAPI.TC_POSTGMAP"/>
</testsuite> <!-- Default test -->
