<?xml version="1.0" encoding="UTF-8"?>
<!-- Generated by org.testng.reporters.JUnitXMLReporter -->
<testsuite hostname="DESKTOP-BQS7GFT" ignored="0" name="Test POST GET DELETE API" tests="3" failures="0" timestamp="2021-08-08T22:07:35 IST" time="6.361" errors="0">
  <testcase name="postmap" time="1.504" classname="APIGroup.ProjectAPI.TC_POSTGMAP"/>
  <testcase name="Getmapdetails" time="2.283" classname="APIGroup.ProjectAPI.TC_POSTGMAP"/>
  <testcase name="deleteMap" time="2.549" classname="APIGroup.ProjectAPI.TC_POSTGMAP"/>
</testsuite> <!-- Test POST GET DELETE API -->
