<?xml version="1.0" encoding="UTF-8"?>
<!-- Generated by org.testng.reporters.JUnitXMLReporter -->
<testsuite hostname="DESKTOP-BQS7GFT" ignored="0" name="Test" tests="3" failures="0" timestamp="2021-08-08T21:28:52 IST" time="6.573" errors="0">
  <testcase name="postmap" time="1.555" classname="APIGroup.ProjectAPI.TC_POSTGMAP"/>
  <testcase name="Getmapdetails" time="2.42" classname="APIGroup.ProjectAPI.TC_POSTGMAP"/>
  <testcase name="deleteMap" time="2.571" classname="APIGroup.ProjectAPI.TC_POSTGMAP"/>
</testsuite> <!-- Test -->
