<?xml version="1.0" encoding="UTF-8"?>
<testng-results skipped="0" failed="0" ignored="0" total="3" passed="3">
  <reporter-output>
  </reporter-output>
  <suite name="Suite" duration-ms="6361" started-at="2021-08-08T22:07:29 IST" finished-at="2021-08-08T22:07:35 IST">
    <groups>
    </groups>
    <test name="Test POST GET DELETE API" duration-ms="6361" started-at="2021-08-08T22:07:29 IST" finished-at="2021-08-08T22:07:35 IST">
      <class name="APIGroup.ProjectAPI.TC_POSTGMAP">
        <test-method status="PASS" signature="postmap()[pri:1, instance:APIGroup.ProjectAPI.TC_POSTGMAP@2de8284b]" name="postmap" duration-ms="1504" started-at="2021-08-08T22:07:29 IST" finished-at="2021-08-08T22:07:30 IST">
          <reporter-output>
          </reporter-output>
        </test-method> <!-- postmap -->
        <test-method status="PASS" signature="Getmapdetails()[pri:2, instance:APIGroup.ProjectAPI.TC_POSTGMAP@2de8284b]" name="Getmapdetails" duration-ms="2283" started-at="2021-08-08T22:07:30 IST" finished-at="2021-08-08T22:07:32 IST">
          <reporter-output>
          </reporter-output>
        </test-method> <!-- Getmapdetails -->
        <test-method status="PASS" signature="deleteMap()[pri:3, instance:APIGroup.ProjectAPI.TC_POSTGMAP@2de8284b]" name="deleteMap" duration-ms="2549" started-at="2021-08-08T22:07:32 IST" finished-at="2021-08-08T22:07:35 IST">
          <reporter-output>
          </reporter-output>
        </test-method> <!-- deleteMap -->
      </class> <!-- APIGroup.ProjectAPI.TC_POSTGMAP -->
    </test> <!-- Test POST GET DELETE API -->
  </suite> <!-- Suite -->
</testng-results>
